TN:
SF:/Users/richard/Projects/rjrodger/inks/dist/inks.js
DA:1,1
DA:2,1
DA:3,1
DA:4,1
DA:5,1
DA:6,1
DA:7,1
DA:8,1
DA:9,1
DA:10,1
DA:11,1
DA:12,1
DA:13,34
DA:14,1
DA:15,1
DA:16,1
DA:17,1
DA:18,1
DA:19,1
DA:20,1
DA:21,3
DA:22,1
DA:23,16
DA:24,16
DA:25,1
DA:26,1
DA:27,16
DA:28,1
DA:29,1
DA:30,1
DA:31,5
DA:32,11
DA:33,1
DA:34,5
DA:35,1
DA:36,1
DA:37,1
DA:38,1
DA:39,1
DA:40,1
DA:41,1
DA:42,1
DA:43,1
DA:44,1
DA:45,1
DA:46,1
DA:47,1
DA:48,1
DA:49,1
DA:50,1
DA:51,1
DA:52,1
DA:53,1
DA:54,1
DA:55,1
DA:56,72
DA:57,72
DA:58,72
DA:59,1
DA:60,1
DA:61,34
DA:62,1
DA:63,1
DA:64,1
DA:65,1
DA:66,38
DA:67,38
DA:68,38
DA:69,38
DA:70,38
DA:71,38
DA:72,33
DA:73,33
DA:74,33
DA:75,33
DA:76,12
DA:77,1
DA:78,33
DA:79,33
DA:80,1
DA:81,38
DA:82,38
DA:83,17
DA:84,1
DA:85,38
DA:86,1
DA:87,38
DA:88,31
DA:89,1
DA:90,1
DA:91,7
DA:92,1
DA:93,30
DA:94,1
DA:95,1
DA:96,1
DA:97,1
DA:98,7
DA:99,1
DA:100,38
DA:101,22
DA:102,1
DA:103,38
DA:104,1
DA:105,1
DA:106,38
DA:107,38
DA:108,0
DA:109,0
DA:110,4
DA:111,1
DA:112,1
DA:113,38
DA:114,1
DA:115,23
DA:116,23
DA:117,23
DA:118,1
DA:119,23
DA:120,21
DA:121,1
DA:122,1
DA:123,2
DA:124,1
DA:125,1
DA:126,1
DA:127,15
DA:128,1
DA:129,1
DA:130,1
DA:131,35
DA:132,35
DA:133,35
DA:134,1
DA:135,1
DA:136,1
LF:125
LH:123
end_of_record
