TN:
SF:/Users/richard/Projects/rjrodger/inks/dist/inks.js
DA:1,1
DA:2,1
DA:3,1
DA:4,1
DA:5,1
DA:6,1
DA:7,1
DA:8,1
DA:9,1
DA:10,1
DA:11,1
DA:12,38
DA:13,1
DA:14,1
DA:15,1
DA:16,1
DA:17,1
DA:18,1
DA:19,1
DA:20,3
DA:21,1
DA:22,16
DA:23,16
DA:24,1
DA:25,1
DA:26,16
DA:27,1
DA:28,1
DA:29,1
DA:30,5
DA:31,11
DA:32,1
DA:33,5
DA:34,1
DA:35,1
DA:36,1
DA:37,1
DA:38,1
DA:39,1
DA:40,1
DA:41,1
DA:42,1
DA:43,1
DA:44,1
DA:45,1
DA:46,1
DA:47,1
DA:48,1
DA:49,1
DA:50,1
DA:51,1
DA:52,1
DA:53,1
DA:54,1
DA:55,76
DA:56,76
DA:57,76
DA:58,1
DA:59,1
DA:60,38
DA:61,1
DA:62,1
DA:63,1
DA:64,1
DA:65,1
DA:66,42
DA:67,42
DA:68,42
DA:69,42
DA:70,42
DA:71,42
DA:72,37
DA:73,37
DA:74,37
DA:75,37
DA:76,12
DA:77,1
DA:78,37
DA:79,37
DA:80,37
DA:81,18
DA:82,18
DA:83,18
DA:84,18
DA:85,18
DA:86,16
DA:87,1
DA:88,1
DA:89,2
DA:90,1
DA:91,1
DA:92,1
DA:93,19
DA:94,1
DA:95,1
DA:96,42
DA:97,42
DA:98,17
DA:99,1
DA:100,42
DA:101,1
DA:102,42
DA:103,35
DA:104,1
DA:105,1
DA:106,7
DA:107,1
DA:108,30
DA:109,1
DA:110,1
DA:111,1
DA:112,1
DA:113,7
DA:114,1
DA:115,42
DA:116,24
DA:117,1
DA:118,42
DA:119,1
DA:120,1
DA:121,1
DA:122,35
DA:123,35
DA:124,35
DA:125,1
DA:126,1
LF:117
LH:117
end_of_record
